{"meta": {"format": 3, "version": "7.10.6", "timestamp": "2025-12-06T21:03:34.777501", "branch_coverage": false, "show_contexts": false}, "files": {"__init__.py": {"executed_lines": [1, 8], "summary": {"covered_lines": 1, "num_statements": 1, "percent_covered": 100.0, "percent_covered_display": "100", "missing_lines": 0, "excluded_lines": 0}, "missing_lines": [], "excluded_lines": [], "functions": {"": {"executed_lines": [1, 8], "summary": {"covered_lines": 1, "num_statements": 1, "percent_covered": 100.0, "percent_covered_display": "100", "missing_lines": 0, "excluded_lines": 0}, "missing_lines": [], "excluded_lines": []}}, "classes": {"": {"executed_lines": [1, 8], "summary": {"covered_lines": 1, "num_statements": 1, "percent_covered": 100.0, "percent_covered_display": "100", "missing_lines": 0, "excluded_lines": 0}, "missing_lines": [], "excluded_lines": []}}}, "analyze_basic.py": {"executed_lines": [], "summary": {"covered_lines": 0, "num_statements": 44, "percent_covered": 0.0, "percent_covered_display": "0", "missing_lines": 44, "excluded_lines": 0}, "missing_lines": [32, 33, 34, 35, 37, 38, 40, 43, 45, 46, 48, 49, 52, 54, 55, 57, 64, 75, 77, 79, 80, 81, 89, 90, 92, 93, 94, 95, 103, 104, 107, 108, 109, 110, 114, 115, 118, 121, 123, 124, 125, 133, 136, 137], "excluded_lines": [], "functions": {"validate_input": {"executed_lines": [], "summary": {"covered_lines": 0, "num_statements": 4, "percent_covered": 0.0, "percent_covered_display": "0", "missing_lines": 4, "excluded_lines": 0}, "missing_lines": [45, 46, 48, 49], "excluded_lines": []}, "run_analysis": {"executed_lines": [], "summary": {"covered_lines": 0, "num_statements": 4, "percent_covered": 0.0, "percent_covered_display": "0", "missing_lines": 4, "excluded_lines": 0}, "missing_lines": [54, 55, 57, 64], "excluded_lines": []}, "main": {"executed_lines": [], "summary": {"covered_lines": 0, "num_statements": 24, "percent_covered": 0.0, "percent_covered_display": "0", "missing_lines": 24, "excluded_lines": 0}, "missing_lines": [77, 79, 80, 81, 89, 90, 92, 93, 94, 95, 103, 104, 107, 108, 109, 110, 114, 115, 118, 121, 123, 124, 125, 133], "excluded_lines": []}, "": {"executed_lines": [], "summary": {"covered_lines": 0, "num_statements": 12, "percent_covered": 0.0, "percent_covered_display": "0", "missing_lines": 12, "excluded_lines": 0}, "missing_lines": [32, 33, 34, 35, 37, 38, 40, 43, 52, 75, 136, 137], "excluded_lines": []}}, "classes": {"": {"executed_lines": [], "summary": {"covered_lines": 0, "num_statements": 44, "percent_covered": 0.0, "percent_covered_display": "0", "missing_lines": 44, "excluded_lines": 0}, "missing_lines": [32, 33, 34, 35, 37, 38, 40, 43, 45, 46, 48, 49, 52, 54, 55, 57, 64, 75, 77, 79, 80, 81, 89, 90, 92, 93, 94, 95, 103, 104, 107, 108, 109, 110, 114, 115, 118, 121, 123, 124, 125, 133, 136, 137], "excluded_lines": []}}}, "common/__init__.py": {"executed_lines": [1, 11, 12, 13, 15], "summary": {"covered_lines": 4, "num_statements": 4, "percent_covered": 100.0, "percent_covered_display": "100", "missing_lines": 0, "excluded_lines": 0}, "missing_lines": [], "excluded_lines": [], "functions": {"": {"executed_lines": [1, 11, 12, 13, 15], "summary": {"covered_lines": 4, "num_statements": 4, "percent_covered": 100.0, "percent_covered_display": "100", "missing_lines": 0, "excluded_lines": 0}, "missing_lines": [], "excluded_lines": []}}, "classes": {"": {"executed_lines": [1, 11, 12, 13, 15], "summary": {"covered_lines": 4, "num_statements": 4, "percent_covered": 100.0, "percent_covered_display": "100", "missing_lines": 0, "excluded_lines": 0}, "missing_lines": [], "excluded_lines": []}}}, "common/config.py": {"executed_lines": [1, 7, 8, 9, 11, 14, 15, 16, 19, 20, 21, 22, 23, 24, 27, 28, 30, 31, 34, 36, 47, 49, 57, 59, 61, 63, 82, 85, 88, 90, 93, 96, 97], "summary": {"covered_lines": 31, "num_statements": 46, "percent_covered": 67.3913043478261, "percent_covered_display": "67", "missing_lines": 15, "excluded_lines": 0}, "missing_lines": [65, 66, 67, 68, 69, 70, 71, 72, 73, 74, 75, 76, 77, 78, 89], "excluded_lines": [], "functions": {"Config.from_env": {"executed_lines": [34, 36], "summary": {"covered_lines": 2, "num_statements": 2, "percent_covered": 100.0, "percent_covered_display": "100", "missing_lines": 0, "excluded_lines": 0}, "missing_lines": [], "excluded_lines": []}, "Config.get_api_key": {"executed_lines": [49, 57], "summary": {"covered_lines": 2, "num_statements": 2, "percent_covered": 100.0, "percent_covered_display": "100", "missing_lines": 0, "excluded_lines": 0}, "missing_lines": [], "excluded_lines": []}, "Config.has_api_key": {"executed_lines": [61], "summary": {"covered_lines": 1, "num_statements": 1, "percent_covered": 100.0, "percent_covered_display": "100", "missing_lines": 0, "excluded_lines": 0}, "missing_lines": [], "excluded_lines": []}, "Config.get_configured_providers": {"executed_lines": [], "summary": {"covered_lines": 0, "num_statements": 14, "percent_covered": 0.0, "percent_covered_display": "0", "missing_lines": 14, "excluded_lines": 0}, "missing_lines": [65, 66, 67, 68, 69, 70, 71, 72, 73, 74, 75, 76, 77, 78], "excluded_lines": []}, "get_config": {"executed_lines": [88, 90], "summary": {"covered_lines": 2, "num_statements": 3, "percent_covered": 66.66666666666667, "percent_covered_display": "67", "missing_lines": 1, "excluded_lines": 0}, "missing_lines": [89], "excluded_lines": []}, "reload_config": {"executed_lines": [96, 97], "summary": {"covered_lines": 2, "num_statements": 2, "percent_covered": 100.0, "percent_covered_display": "100", "missing_lines": 0, "excluded_lines": 0}, "missing_lines": [], "excluded_lines": []}, "": {"executed_lines": [1, 7, 8, 9, 11, 14, 15, 16, 19, 20, 21, 22, 23, 24, 27, 28, 30, 31, 47, 59, 63, 82, 85, 93], "summary": {"covered_lines": 22, "num_statements": 22, "percent_covered": 100.0, "percent_covered_display": "100", "missing_lines": 0, "excluded_lines": 0}, "missing_lines": [], "excluded_lines": []}}, "classes": {"Config": {"executed_lines": [34, 36, 49, 57, 61], "summary": {"covered_lines": 5, "num_statements": 19, "percent_covered": 26.31578947368421, "percent_covered_display": "26", "missing_lines": 14, "excluded_lines": 0}, "missing_lines": [65, 66, 67, 68, 69, 70, 71, 72, 73, 74, 75, 76, 77, 78], "excluded_lines": []}, "": {"executed_lines": [1, 7, 8, 9, 11, 14, 15, 16, 19, 20, 21, 22, 23, 24, 27, 28, 30, 31, 47, 59, 63, 82, 85, 88, 90, 93, 96, 97], "summary": {"covered_lines": 26, "num_statements": 27, "percent_covered": 96.29629629629629, "percent_covered_display": "96", "missing_lines": 1, "excluded_lines": 0}, "missing_lines": [89], "excluded_lines": []}}}, "common/errors.py": {"executed_lines": [1, 7, 8, 9, 12, 13, 16, 17, 18, 19, 22, 23, 24, 25, 26, 27, 30, 34, 42, 43, 44, 46, 47, 48, 50, 51, 53, 54, 56, 58, 60, 68, 69, 70, 72, 74, 75, 77, 78, 80, 81, 83, 84, 85, 86, 87, 88, 89, 90, 91, 92, 95, 97, 98, 99, 100, 103, 104, 105, 107, 109, 110, 111, 113, 114, 115, 118, 119, 120, 122, 123, 124, 126, 127, 128, 131, 133, 140, 142, 143, 146, 147, 154, 157, 164, 165, 172], "summary": {"covered_lines": 81, "num_statements": 82, "percent_covered": 98.78048780487805, "percent_covered_display": "99", "missing_lines": 1, "excluded_lines": 0}, "missing_lines": [93], "excluded_lines": [], "functions": {"WorkerError.__post_init__": {"executed_lines": [51], "summary": {"covered_lines": 1, "num_statements": 1, "percent_covered": 100.0, "percent_covered_display": "100", "missing_lines": 0, "excluded_lines": 0}, "missing_lines": [], "excluded_lines": []}, "WorkerError.retryable": {"executed_lines": [56], "summary": {"covered_lines": 1, "num_statements": 1, "percent_covered": 100.0, "percent_covered_display": "100", "missing_lines": 0, "excluded_lines": 0}, "missing_lines": [], "excluded_lines": []}, "WorkerError.to_dict": {"executed_lines": [60], "summary": {"covered_lines": 1, "num_statements": 1, "percent_covered": 100.0, "percent_covered_display": "100", "missing_lines": 0, "excluded_lines": 0}, "missing_lines": [], "excluded_lines": []}, "LLMError.__post_init__": {"executed_lines": [75, 77, 78], "summary": {"covered_lines": 3, "num_statements": 3, "percent_covered": 100.0, "percent_covered_display": "100", "missing_lines": 0, "excluded_lines": 0}, "missing_lines": [], "excluded_lines": []}, "LLMError._classify_status_code": {"executed_lines": [83, 84, 85, 86, 87, 88, 89, 90, 91, 92], "summary": {"covered_lines": 10, "num_statements": 11, "percent_covered": 90.9090909090909, "percent_covered_display": "91", "missing_lines": 1, "excluded_lines": 0}, "missing_lines": [93], "excluded_lines": []}, "LLMError.to_dict": {"executed_lines": [97, 98, 99, 100], "summary": {"covered_lines": 4, "num_statements": 4, "percent_covered": 100.0, "percent_covered_display": "100", "missing_lines": 0, "excluded_lines": 0}, "missing_lines": [], "excluded_lines": []}, "RetryableError.__post_init__": {"executed_lines": [109, 110, 111], "summary": {"covered_lines": 3, "num_statements": 3, "percent_covered": 100.0, "percent_covered_display": "100", "missing_lines": 0, "excluded_lines": 0}, "missing_lines": [], "excluded_lines": []}, "RetryableError.retryable": {"executed_lines": [115], "summary": {"covered_lines": 1, "num_statements": 1, "percent_covered": 100.0, "percent_covered_display": "100", "missing_lines": 0, "excluded_lines": 0}, "missing_lines": [], "excluded_lines": []}, "ValidationError.__post_init__": {"executed_lines": [123, 124], "summary": {"covered_lines": 2, "num_statements": 2, "percent_covered": 100.0, "percent_covered_display": "100", "missing_lines": 0, "excluded_lines": 0}, "missing_lines": [], "excluded_lines": []}, "ValidationError.retryable": {"executed_lines": [128], "summary": {"covered_lines": 1, "num_statements": 1, "percent_covered": 100.0, "percent_covered_display": "100", "missing_lines": 0, "excluded_lines": 0}, "missing_lines": [], "excluded_lines": []}, "classify_http_error": {"executed_lines": [133], "summary": {"covered_lines": 1, "num_statements": 1, "percent_covered": 100.0, "percent_covered_display": "100", "missing_lines": 0, "excluded_lines": 0}, "missing_lines": [], "excluded_lines": []}, "classify_exception": {"executed_lines": [142, 143, 146, 147, 154, 157, 164, 165, 172], "summary": {"covered_lines": 9, "num_statements": 9, "percent_covered": 100.0, "percent_covered_display": "100", "missing_lines": 0, "excluded_lines": 0}, "missing_lines": [], "excluded_lines": []}, "": {"executed_lines": [1, 7, 8, 9, 12, 13, 16, 17, 18, 19, 22, 23, 24, 25, 26, 27, 30, 34, 42, 43, 44, 46, 47, 48, 50, 53, 54, 58, 68, 69, 70, 72, 74, 80, 81, 95, 103, 104, 105, 107, 113, 114, 118, 119, 120, 122, 126, 127, 131, 140], "summary": {"covered_lines": 44, "num_statements": 44, "percent_covered": 100.0, "percent_covered_display": "100", "missing_lines": 0, "excluded_lines": 0}, "missing_lines": [], "excluded_lines": []}}, "classes": {"ErrorCode": {"executed_lines": [], "summary": {"covered_lines": 0, "num_statements": 0, "percent_covered": 100.0, "percent_covered_display": "100", "missing_lines": 0, "excluded_lines": 0}, "missing_lines": [], "excluded_lines": []}, "WorkerError": {"executed_lines": [51, 56, 60], "summary": {"covered_lines": 3, "num_statements": 3, "percent_covered": 100.0, "percent_covered_display": "100", "missing_lines": 0, "excluded_lines": 0}, "missing_lines": [], "excluded_lines": []}, "LLMError": {"executed_lines": [75, 77, 78, 83, 84, 85, 86, 87, 88, 89, 90, 91, 92, 97, 98, 99, 100], "summary": {"covered_lines": 17, "num_statements": 18, "percent_covered": 94.44444444444444, "percent_covered_display": "94", "missing_lines": 1, "excluded_lines": 0}, "missing_lines": [93], "excluded_lines": []}, "RetryableError": {"executed_lines": [109, 110, 111, 115], "summary": {"covered_lines": 4, "num_statements": 4, "percent_covered": 100.0, "percent_covered_display": "100", "missing_lines": 0, "excluded_lines": 0}, "missing_lines": [], "excluded_lines": []}, "ValidationError": {"executed_lines": [123, 124, 128], "summary": {"covered_lines": 3, "num_statements": 3, "percent_covered": 100.0, "percent_covered_display": "100", "missing_lines": 0, "excluded_lines": 0}, "missing_lines": [], "excluded_lines": []}, "": {"executed_lines": [1, 7, 8, 9, 12, 13, 16, 17, 18, 19, 22, 23, 24, 25, 26, 27, 30, 34, 42, 43, 44, 46, 47, 48, 50, 53, 54, 58, 68, 69, 70, 72, 74, 80, 81, 95, 103, 104, 105, 107, 113, 114, 118, 119, 120, 122, 126, 127, 131, 133, 140, 142, 143, 146, 147, 154, 157, 164, 165, 172], "summary": {"covered_lines": 54, "num_statements": 54, "percent_covered": 100.0, "percent_covered_display": "100", "missing_lines": 0, "excluded_lines": 0}, "missing_lines": [], "excluded_lines": []}}}, "common/llm_adapters.py": {"executed_lines": [1, 12, 13, 14, 15, 17, 19, 20, 21, 23, 26, 27, 28, 31, 41, 42, 43, 45, 46, 47, 48, 50, 52, 60, 61, 63, 64, 76, 84, 86, 87, 88, 90, 91, 92, 98, 99, 107, 108, 109, 110, 111, 112, 113, 114, 120, 121, 122, 123, 124, 125, 126, 127, 133, 148, 149, 150, 152, 153, 154, 156, 157, 158, 160, 168, 169, 174, 179, 186, 187, 189, 190, 191, 192, 193, 195, 209, 210, 211, 213, 214, 215, 216, 218, 219, 222, 230, 236, 243, 244, 246, 247, 248, 249, 250, 252, 254, 257, 263, 264, 267, 269, 270, 272, 273, 274, 275, 276, 277, 279, 280, 282, 296, 297, 298, 300, 301, 302, 304, 305, 308, 316, 323, 324, 326, 327, 328, 329, 332, 333, 335, 338, 346, 349, 350, 352, 353, 355, 356, 357, 363, 364, 365, 368, 370, 384, 385, 386, 388, 389, 390, 392, 393, 396, 404, 410, 415, 422, 423, 425, 426, 427, 428, 430, 444, 445, 446, 448, 449, 450, 452, 453, 456, 464, 470, 476, 478, 485, 486, 488, 489, 490, 491, 493, 507, 508, 509, 511, 512, 513, 515, 516, 519, 527, 533, 538, 545, 546, 548, 549, 550, 551, 553, 567, 570, 571, 572, 573, 575, 577, 578, 579, 581, 584, 585, 587, 591, 608, 622, 638, 650, 653, 661], "summary": {"covered_lines": 213, "num_statements": 281, "percent_covered": 75.80071174377224, "percent_covered_display": "76", "missing_lines": 68, "excluded_lines": 0}, "missing_lines": [73, 100, 101, 134, 141, 201, 202, 220, 231, 255, 288, 289, 306, 317, 330, 336, 347, 358, 376, 377, 394, 405, 436, 437, 454, 465, 499, 500, 517, 528, 559, 560, 588, 589, 593, 595, 596, 597, 598, 599, 600, 601, 602, 603, 604, 605, 606, 610, 612, 613, 614, 615, 616, 620, 624, 633, 634, 636, 640, 641, 642, 646, 656, 657, 658, 683, 685, 686], "excluded_lines": [], "functions": {"LLMResponse.to_dict": {"executed_lines": [52], "summary": {"covered_lines": 1, "num_statements": 1, "percent_covered": 100.0, "percent_covered_display": "100", "missing_lines": 0, "excluded_lines": 0}, "missing_lines": [], "excluded_lines": []}, "BaseLLMAdapter.generate": {"executed_lines": [], "summary": {"covered_lines": 0, "num_statements": 1, "percent_covered": 0.0, "percent_covered_display": "0", "missing_lines": 1, "excluded_lines": 0}, "missing_lines": [73], "excluded_lines": []}, "_post_json": {"executed_lines": [84, 86, 87, 88, 90, 91, 92, 98, 99, 107, 108, 109, 110, 111, 112, 113, 114, 120, 121, 122, 123, 124, 125, 126, 127, 133], "summary": {"covered_lines": 26, "num_statements": 30, "percent_covered": 86.66666666666667, "percent_covered_display": "87", "missing_lines": 4, "excluded_lines": 0}, "missing_lines": [100, 101, 134, 141], "excluded_lines": []}, "OpenAIAdapter.__post_init__": {"executed_lines": [157, 158], "summary": {"covered_lines": 2, "num_statements": 2, "percent_covered": 100.0, "percent_covered_display": "100", "missing_lines": 0, "excluded_lines": 0}, "missing_lines": [], "excluded_lines": []}, "OpenAIAdapter.generate": {"executed_lines": [168, 169, 174, 179, 186, 187, 189, 190, 191, 192, 193, 195], "summary": {"covered_lines": 12, "num_statements": 14, "percent_covered": 85.71428571428571, "percent_covered_display": "86", "missing_lines": 2, "excluded_lines": 0}, "missing_lines": [201, 202], "excluded_lines": []}, "AnthropicAdapter.__post_init__": {"executed_lines": [219], "summary": {"covered_lines": 1, "num_statements": 2, "percent_covered": 50.0, "percent_covered_display": "50", "missing_lines": 1, "excluded_lines": 0}, "missing_lines": [220], "excluded_lines": []}, "AnthropicAdapter.generate": {"executed_lines": [230, 236, 243, 244, 246, 247, 248, 249, 250, 252, 254, 257, 263, 264, 267, 269, 270, 272, 273, 274, 275, 276, 277, 279, 280, 282], "summary": {"covered_lines": 26, "num_statements": 30, "percent_covered": 86.66666666666667, "percent_covered_display": "87", "missing_lines": 4, "excluded_lines": 0}, "missing_lines": [231, 255, 288, 289], "excluded_lines": []}, "GeminiAdapter.__post_init__": {"executed_lines": [305], "summary": {"covered_lines": 1, "num_statements": 2, "percent_covered": 50.0, "percent_covered_display": "50", "missing_lines": 1, "excluded_lines": 0}, "missing_lines": [306], "excluded_lines": []}, "GeminiAdapter.generate": {"executed_lines": [316, 323, 324, 326, 327, 328, 329, 332, 333, 335, 338, 346, 349, 350, 352, 353, 355, 356, 357, 363, 364, 365, 368, 370], "summary": {"covered_lines": 24, "num_statements": 31, "percent_covered": 77.41935483870968, "percent_covered_display": "77", "missing_lines": 7, "excluded_lines": 0}, "missing_lines": [317, 330, 336, 347, 358, 376, 377], "excluded_lines": []}, "XAIAdapter.__post_init__": {"executed_lines": [393], "summary": {"covered_lines": 1, "num_statements": 2, "percent_covered": 50.0, "percent_covered_display": "50", "missing_lines": 1, "excluded_lines": 0}, "missing_lines": [394], "excluded_lines": []}, "XAIAdapter.generate": {"executed_lines": [404, 410, 415, 422, 423, 425, 426, 427, 428, 430], "summary": {"covered_lines": 10, "num_statements": 13, "percent_covered": 76.92307692307692, "percent_covered_display": "77", "missing_lines": 3, "excluded_lines": 0}, "missing_lines": [405, 436, 437], "excluded_lines": []}, "DeepSeekAdapter.__post_init__": {"executed_lines": [453], "summary": {"covered_lines": 1, "num_statements": 2, "percent_covered": 50.0, "percent_covered_display": "50", "missing_lines": 1, "excluded_lines": 0}, "missing_lines": [454], "excluded_lines": []}, "DeepSeekAdapter.generate": {"executed_lines": [464, 470, 476, 478, 485, 486, 488, 489, 490, 491, 493], "summary": {"covered_lines": 11, "num_statements": 14, "percent_covered": 78.57142857142857, "percent_covered_display": "79", "missing_lines": 3, "excluded_lines": 0}, "missing_lines": [465, 499, 500], "excluded_lines": []}, "MistralAdapter.__post_init__": {"executed_lines": [516], "summary": {"covered_lines": 1, "num_statements": 2, "percent_covered": 50.0, "percent_covered_display": "50", "missing_lines": 1, "excluded_lines": 0}, "missing_lines": [517], "excluded_lines": []}, "MistralAdapter.generate": {"executed_lines": [527, 533, 538, 545, 546, 548, 549, 550, 551, 553], "summary": {"covered_lines": 10, "num_statements": 13, "percent_covered": 76.92307692307692, "percent_covered_display": "77", "missing_lines": 3, "excluded_lines": 0}, "missing_lines": [528, 559, 560], "excluded_lines": []}, "infer_provider": {"executed_lines": [570, 571, 572, 573, 575, 577, 578, 579, 581], "summary": {"covered_lines": 9, "num_statements": 9, "percent_covered": 100.0, "percent_covered_display": "100", "missing_lines": 0, "excluded_lines": 0}, "missing_lines": [], "excluded_lines": []}, "AdapterRegistry.__init__": {"executed_lines": [], "summary": {"covered_lines": 0, "num_statements": 2, "percent_covered": 0.0, "percent_covered_display": "0", "missing_lines": 2, "excluded_lines": 0}, "missing_lines": [588, 589], "excluded_lines": []}, "AdapterRegistry._initialize_adapters": {"executed_lines": [], "summary": {"covered_lines": 0, "num_statements": 13, "percent_covered": 0.0, "percent_covered_display": "0", "missing_lines": 13, "excluded_lines": 0}, "missing_lines": [593, 595, 596, 597, 598, 599, 600, 601, 602, 603, 604, 605, 606], "excluded_lines": []}, "AdapterRegistry.get": {"executed_lines": [], "summary": {"covered_lines": 0, "num_statements": 7, "percent_covered": 0.0, "percent_covered_display": "0", "missing_lines": 7, "excluded_lines": 0}, "missing_lines": [610, 612, 613, 614, 615, 616, 620], "excluded_lines": []}, "AdapterRegistry._create_adapter": {"executed_lines": [], "summary": {"covered_lines": 0, "num_statements": 4, "percent_covered": 0.0, "percent_covered_display": "0", "missing_lines": 4, "excluded_lines": 0}, "missing_lines": [624, 633, 634, 636], "excluded_lines": []}, "AdapterRegistry.resolve_for_model": {"executed_lines": [], "summary": {"covered_lines": 0, "num_statements": 4, "percent_covered": 0.0, "percent_covered_display": "0", "missing_lines": 4, "excluded_lines": 0}, "missing_lines": [640, 641, 642, 646], "excluded_lines": []}, "get_registry": {"executed_lines": [], "summary": {"covered_lines": 0, "num_statements": 3, "percent_covered": 0.0, "percent_covered_display": "0", "missing_lines": 3, "excluded_lines": 0}, "missing_lines": [656, 657, 658], "excluded_lines": []}, "generate": {"executed_lines": [], "summary": {"covered_lines": 0, "num_statements": 3, "percent_covered": 0.0, "percent_covered_display": "0", "missing_lines": 3, "excluded_lines": 0}, "missing_lines": [683, 685, 686], "excluded_lines": []}, "": {"executed_lines": [1, 12, 13, 14, 15, 17, 19, 20, 21, 23, 26, 27, 28, 31, 41, 42, 43, 45, 46, 47, 48, 50, 60, 61, 63, 64, 76, 148, 149, 150, 152, 153, 154, 156, 160, 209, 210, 211, 213, 214, 215, 216, 218, 222, 296, 297, 298, 300, 301, 302, 304, 308, 384, 385, 386, 388, 389, 390, 392, 396, 444, 445, 446, 448, 449, 450, 452, 456, 507, 508, 509, 511, 512, 513, 515, 519, 567, 584, 585, 587, 591, 608, 622, 638, 650, 653, 661], "summary": {"covered_lines": 77, "num_statements": 77, "percent_covered": 100.0, "percent_covered_display": "100", "missing_lines": 0, "excluded_lines": 0}, "missing_lines": [], "excluded_lines": []}}, "classes": {"LLMResponse": {"executed_lines": [52], "summary": {"covered_lines": 1, "num_statements": 1, "percent_covered": 100.0, "percent_covered_display": "100", "missing_lines": 0, "excluded_lines": 0}, "missing_lines": [], "excluded_lines": []}, "BaseLLMAdapter": {"executed_lines": [], "summary": {"covered_lines": 0, "num_statements": 1, "percent_covered": 0.0, "percent_covered_display": "0", "missing_lines": 1, "excluded_lines": 0}, "missing_lines": [73], "excluded_lines": []}, "OpenAIAdapter": {"executed_lines": [157, 158, 168, 169, 174, 179, 186, 187, 189, 190, 191, 192, 193, 195], "summary": {"covered_lines": 14, "num_statements": 16, "percent_covered": 87.5, "percent_covered_display": "88", "missing_lines": 2, "excluded_lines": 0}, "missing_lines": [201, 202], "excluded_lines": []}, "AnthropicAdapter": {"executed_lines": [219, 230, 236, 243, 244, 246, 247, 248, 249, 250, 252, 254, 257, 263, 264, 267, 269, 270, 272, 273, 274, 275, 276, 277, 279, 280, 282], "summary": {"covered_lines": 27, "num_statements": 32, "percent_covered": 84.375, "percent_covered_display": "84", "missing_lines": 5, "excluded_lines": 0}, "missing_lines": [220, 231, 255, 288, 289], "excluded_lines": []}, "GeminiAdapter": {"executed_lines": [305, 316, 323, 324, 326, 327, 328, 329, 332, 333, 335, 338, 346, 349, 350, 352, 353, 355, 356, 357, 363, 364, 365, 368, 370], "summary": {"covered_lines": 25, "num_statements": 33, "percent_covered": 75.75757575757575, "percent_covered_display": "76", "missing_lines": 8, "excluded_lines": 0}, "missing_lines": [306, 317, 330, 336, 347, 358, 376, 377], "excluded_lines": []}, "XAIAdapter": {"executed_lines": [393, 404, 410, 415, 422, 423, 425, 426, 427, 428, 430], "summary": {"covered_lines": 11, "num_statements": 15, "percent_covered": 73.33333333333333, "percent_covered_display": "73", "missing_lines": 4, "excluded_lines": 0}, "missing_lines": [394, 405, 436, 437], "excluded_lines": []}, "DeepSeekAdapter": {"executed_lines": [453, 464, 470, 476, 478, 485, 486, 488, 489, 490, 491, 493], "summary": {"covered_lines": 12, "num_statements": 16, "percent_covered": 75.0, "percent_covered_display": "75", "missing_lines": 4, "excluded_lines": 0}, "missing_lines": [454, 465, 499, 500], "excluded_lines": []}, "MistralAdapter": {"executed_lines": [516, 527, 533, 538, 545, 546, 548, 549, 550, 551, 553], "summary": {"covered_lines": 11, "num_statements": 15, "percent_covered": 73.33333333333333, "percent_covered_display": "73", "missing_lines": 4, "excluded_lines": 0}, "missing_lines": [517, 528, 559, 560], "excluded_lines": []}, "AdapterRegistry": {"executed_lines": [], "summary": {"covered_lines": 0, "num_statements": 30, "percent_covered": 0.0, "percent_covered_display": "0", "missing_lines": 30, "excluded_lines": 0}, "missing_lines": [588, 589, 593, 595, 596, 597, 598, 599, 600, 601, 602, 603, 604, 605, 606, 610, 612, 613, 614, 615, 616, 620, 624, 633, 634, 636, 640, 641, 642, 646], "excluded_lines": []}, "": {"executed_lines": [1, 12, 13, 14, 15, 17, 19, 20, 21, 23, 26, 27, 28, 31, 41, 42, 43, 45, 46, 47, 48, 50, 60, 61, 63, 64, 76, 84, 86, 87, 88, 90, 91, 92, 98, 99, 107, 108, 109, 110, 111, 112, 113, 114, 120, 121, 122, 123, 124, 125, 126, 127, 133, 148, 149, 150, 152, 153, 154, 156, 160, 209, 210, 211, 213, 214, 215, 216, 218, 222, 296, 297, 298, 300, 301, 302, 304, 308, 384, 385, 386, 388, 389, 390, 392, 396, 444, 445, 446, 448, 449, 450, 452, 456, 507, 508, 509, 511, 512, 513, 515, 519, 567, 570, 571, 572, 573, 575, 577, 578, 579, 581, 584, 585, 587, 591, 608, 622, 638, 650, 653, 661], "summary": {"covered_lines": 112, "num_statements": 122, "percent_covered": 91.80327868852459, "percent_covered_display": "92", "missing_lines": 10, "excluded_lines": 0}, "missing_lines": [100, 101, 134, 141, 656, 657, 658, 683, 685, 686], "excluded_lines": []}}}, "common/logging.py": {"executed_lines": [1, 8, 9, 10, 11, 12, 15, 16, 17, 19, 20, 22, 27, 29, 39, 40, 41, 42, 52, 53, 54, 66, 70, 72, 74, 76, 78, 80, 82, 84, 88, 91, 105, 106, 107], "summary": {"covered_lines": 33, "num_statements": 42, "percent_covered": 78.57142857142857, "percent_covered_display": "79", "missing_lines": 9, "excluded_lines": 0}, "missing_lines": [24, 25, 46, 47, 49, 55, 57, 64, 68], "excluded_lines": [], "functions": {"Logger.child": {"executed_lines": [], "summary": {"covered_lines": 0, "num_statements": 2, "percent_covered": 0.0, "percent_covered_display": "0", "missing_lines": 2, "excluded_lines": 0}, "missing_lines": [24, 25], "excluded_lines": []}, "Logger._log": {"executed_lines": [29, 39, 40, 41, 42, 52, 53, 54], "summary": {"covered_lines": 8, "num_statements": 14, "percent_covered": 57.142857142857146, "percent_covered_display": "57", "missing_lines": 6, "excluded_lines": 0}, "missing_lines": [46, 47, 49, 55, 57, 64], "excluded_lines": []}, "Logger.trace": {"executed_lines": [], "summary": {"covered_lines": 0, "num_statements": 1, "percent_covered": 0.0, "percent_covered_display": "0", "missing_lines": 1, "excluded_lines": 0}, "missing_lines": [68], "excluded_lines": []}, "Logger.debug": {"executed_lines": [72], "summary": {"covered_lines": 1, "num_statements": 1, "percent_covered": 100.0, "percent_covered_display": "100", "missing_lines": 0, "excluded_lines": 0}, "missing_lines": [], "excluded_lines": []}, "Logger.info": {"executed_lines": [76], "summary": {"covered_lines": 1, "num_statements": 1, "percent_covered": 100.0, "percent_covered_display": "100", "missing_lines": 0, "excluded_lines": 0}, "missing_lines": [], "excluded_lines": []}, "Logger.warn": {"executed_lines": [80], "summary": {"covered_lines": 1, "num_statements": 1, "percent_covered": 100.0, "percent_covered_display": "100", "missing_lines": 0, "excluded_lines": 0}, "missing_lines": [], "excluded_lines": []}, "Logger.error": {"executed_lines": [84], "summary": {"covered_lines": 1, "num_statements": 1, "percent_covered": 100.0, "percent_covered_display": "100", "missing_lines": 0, "excluded_lines": 0}, "missing_lines": [], "excluded_lines": []}, "get_logger": {"executed_lines": [105, 106, 107], "summary": {"covered_lines": 3, "num_statements": 3, "percent_covered": 100.0, "percent_covered_display": "100", "missing_lines": 0, "excluded_lines": 0}, "missing_lines": [], "excluded_lines": []}, "": {"executed_lines": [1, 8, 9, 10, 11, 12, 15, 16, 17, 19, 20, 22, 27, 66, 70, 74, 78, 82, 88, 91], "summary": {"covered_lines": 18, "num_statements": 18, "percent_covered": 100.0, "percent_covered_display": "100", "missing_lines": 0, "excluded_lines": 0}, "missing_lines": [], "excluded_lines": []}}, "classes": {"Logger": {"executed_lines": [29, 39, 40, 41, 42, 52, 53, 54, 72, 76, 80, 84], "summary": {"covered_lines": 12, "num_statements": 21, "percent_covered": 57.142857142857146, "percent_covered_display": "57", "missing_lines": 9, "excluded_lines": 0}, "missing_lines": [24, 25, 46, 47, 49, 55, 57, 64, 68], "excluded_lines": []}, "": {"executed_lines": [1, 8, 9, 10, 11, 12, 15, 16, 17, 19, 20, 22, 27, 66, 70, 74, 78, 82, 88, 91, 105, 106, 107], "summary": {"covered_lines": 21, "num_statements": 21, "percent_covered": 100.0, "percent_covered_display": "100", "missing_lines": 0, "excluded_lines": 0}, "missing_lines": [], "excluded_lines": []}}}, "health_check.py": {"executed_lines": [2, 33, 34, 35, 37, 38, 39, 41, 44, 47, 50, 52, 55, 57, 58, 60, 63, 66, 68, 69, 71, 72, 73, 76, 78, 79, 81, 82, 83, 84, 88, 89, 90, 93, 96, 98, 99, 100, 102, 104, 105, 106, 109, 110, 112, 115, 117, 119, 122, 123, 134, 135, 138, 139, 142, 145, 153, 164, 166, 168, 171, 174, 189], "summary": {"covered_lines": 62, "num_statements": 72, "percent_covered": 86.11111111111111, "percent_covered_display": "86", "missing_lines": 10, "excluded_lines": 0}, "missing_lines": [61, 86, 91, 124, 143, 176, 177, 178, 186, 190], "excluded_lines": [], "functions": {"get_python_version": {"executed_lines": [52], "summary": {"covered_lines": 1, "num_statements": 1, "percent_covered": 100.0, "percent_covered_display": "100", "missing_lines": 0, "excluded_lines": 0}, "missing_lines": [], "excluded_lines": []}, "check_python_version": {"executed_lines": [57, 58, 60, 63], "summary": {"covered_lines": 4, "num_statements": 5, "percent_covered": 80.0, "percent_covered_display": "80", "missing_lines": 1, "excluded_lines": 0}, "missing_lines": [61], "excluded_lines": []}, "get_package_version": {"executed_lines": [68, 69, 71, 72, 73], "summary": {"covered_lines": 5, "num_statements": 5, "percent_covered": 100.0, "percent_covered_display": "100", "missing_lines": 0, "excluded_lines": 0}, "missing_lines": [], "excluded_lines": []}, "check_packages": {"executed_lines": [78, 79, 81, 82, 83, 84, 88, 89, 90, 93], "summary": {"covered_lines": 10, "num_statements": 12, "percent_covered": 83.33333333333333, "percent_covered_display": "83", "missing_lines": 2, "excluded_lines": 0}, "missing_lines": [86, 91], "excluded_lines": []}, "check_api_keys": {"executed_lines": [98, 99, 100, 102, 104, 105, 106, 109, 110, 112], "summary": {"covered_lines": 10, "num_statements": 10, "percent_covered": 100.0, "percent_covered_display": "100", "missing_lines": 0, "excluded_lines": 0}, "missing_lines": [], "excluded_lines": []}, "run_health_check": {"executed_lines": [117, 119, 122, 123, 134, 135, 138, 139, 142, 145, 153], "summary": {"covered_lines": 11, "num_statements": 13, "percent_covered": 84.61538461538461, "percent_covered_display": "85", "missing_lines": 2, "excluded_lines": 0}, "missing_lines": [124, 143], "excluded_lines": []}, "main": {"executed_lines": [166, 168, 171, 174], "summary": {"covered_lines": 4, "num_statements": 8, "percent_covered": 50.0, "percent_covered_display": "50", "missing_lines": 4, "excluded_lines": 0}, "missing_lines": [176, 177, 178, 186], "excluded_lines": []}, "": {"executed_lines": [2, 33, 34, 35, 37, 38, 39, 41, 44, 47, 50, 55, 66, 76, 96, 115, 164, 189], "summary": {"covered_lines": 17, "num_statements": 18, "percent_covered": 94.44444444444444, "percent_covered_display": "94", "missing_lines": 1, "excluded_lines": 0}, "missing_lines": [190], "excluded_lines": []}}, "classes": {"": {"executed_lines": [2, 33, 34, 35, 37, 38, 39, 41, 44, 47, 50, 52, 55, 57, 58, 60, 63, 66, 68, 69, 71, 72, 73, 76, 78, 79, 81, 82, 83, 84, 88, 89, 90, 93, 96, 98, 99, 100, 102, 104, 105, 106, 109, 110, 112, 115, 117, 119, 122, 123, 134, 135, 138, 139, 142, 145, 153, 164, 166, 168, 171, 174, 189], "summary": {"covered_lines": 62, "num_statements": 72, "percent_covered": 86.11111111111111, "percent_covered_display": "86", "missing_lines": 10, "excluded_lines": 0}, "missing_lines": [61, 86, 91, 124, 143, 176, 177, 178, 186, 190], "excluded_lines": []}}}, "probe.py": {"executed_lines": [2, 53, 54, 55, 56, 57, 60, 63, 64, 66, 67, 69, 70, 71, 73, 76, 77, 78, 80, 81, 82, 83, 84, 85, 87, 89, 99, 100, 101, 103, 104, 105, 106, 107, 108, 110, 112, 122, 128, 129, 131, 133, 143, 146, 148, 149, 150, 151, 156, 157, 160, 161, 163, 164, 167, 177, 178, 179, 180, 181, 183, 184, 185, 187, 194, 197, 199, 200, 201, 203, 204, 206, 208, 209, 216, 224, 226, 227, 228, 229, 230, 231, 234, 237, 238, 239, 240, 241, 243, 246, 249, 251, 258, 266, 268, 269, 270, 271, 272, 276, 278, 280, 290, 295, 296, 297, 311, 313, 315, 316, 317, 325, 326, 328, 329, 330, 331, 339, 340, 343, 344, 345, 346, 350, 351, 354, 357, 374], "summary": {"covered_lines": 125, "num_statements": 143, "percent_covered": 87.41258741258741, "percent_covered_display": "87", "missing_lines": 18, "excluded_lines": 0}, "missing_lines": [65, 134, 136, 137, 139, 140, 158, 244, 273, 301, 303, 304, 305, 359, 361, 362, 371, 375], "excluded_lines": [], "functions": {"Turn.to_dict": {"executed_lines": [89], "summary": {"covered_lines": 1, "num_statements": 1, "percent_covered": 100.0, "percent_covered_display": "100", "missing_lines": 0, "excluded_lines": 0}, "missing_lines": [], "excluded_lines": []}, "Transcript.to_dict": {"executed_lines": [112], "summary": {"covered_lines": 1, "num_statements": 1, "percent_covered": 100.0, "percent_covered_display": "100", "missing_lines": 0, "excluded_lines": 0}, "missing_lines": [], "excluded_lines": []}, "estimate_tokens": {"executed_lines": [128, 129, 131, 133, 143], "summary": {"covered_lines": 5, "num_statements": 10, "percent_covered": 50.0, "percent_covered_display": "50", "missing_lines": 5, "excluded_lines": 0}, "missing_lines": [134, 136, 137, 139, 140], "excluded_lines": []}, "validate_input": {"executed_lines": [148, 149, 150, 151, 156, 157, 160, 161, 163, 164], "summary": {"covered_lines": 10, "num_statements": 11, "percent_covered": 90.9090909090909, "percent_covered_display": "91", "missing_lines": 1, "excluded_lines": 0}, "missing_lines": [158], "excluded_lines": []}, "run_probe": {"executed_lines": [177, 178, 179, 180, 181, 183, 184, 185, 187, 194, 197, 199, 200, 201, 203, 204, 206, 208, 209, 216, 224, 226, 227, 228, 229, 230, 231, 234, 237, 238, 239, 240, 241, 243, 246, 249, 251, 258, 266, 268, 269, 270, 271, 272, 276, 278, 280, 290, 295, 296, 297], "summary": {"covered_lines": 51, "num_statements": 57, "percent_covered": 89.47368421052632, "percent_covered_display": "89", "missing_lines": 6, "excluded_lines": 0}, "missing_lines": [244, 273, 301, 303, 304, 305], "excluded_lines": []}, "main": {"executed_lines": [313, 315, 316, 317, 325, 326, 328, 329, 330, 331, 339, 340, 343, 344, 345, 346, 350, 351, 354, 357], "summary": {"covered_lines": 20, "num_statements": 24, "percent_covered": 83.33333333333333, "percent_covered_display": "83", "missing_lines": 4, "excluded_lines": 0}, "missing_lines": [359, 361, 362, 371], "excluded_lines": []}, "": {"executed_lines": [2, 53, 54, 55, 56, 57, 60, 63, 64, 66, 67, 69, 70, 71, 73, 76, 77, 78, 80, 81, 82, 83, 84, 85, 87, 99, 100, 101, 103, 104, 105, 106, 107, 108, 110, 122, 146, 167, 311, 374], "summary": {"covered_lines": 37, "num_statements": 39, "percent_covered": 94.87179487179488, "percent_covered_display": "95", "missing_lines": 2, "excluded_lines": 0}, "missing_lines": [65, 375], "excluded_lines": []}}, "classes": {"Turn": {"executed_lines": [89], "summary": {"covered_lines": 1, "num_statements": 1, "percent_covered": 100.0, "percent_covered_display": "100", "missing_lines": 0, "excluded_lines": 0}, "missing_lines": [], "excluded_lines": []}, "Transcript": {"executed_lines": [112], "summary": {"covered_lines": 1, "num_statements": 1, "percent_covered": 100.0, "percent_covered_display": "100", "missing_lines": 0, "excluded_lines": 0}, "missing_lines": [], "excluded_lines": []}, "": {"executed_lines": [2, 53, 54, 55, 56, 57, 60, 63, 64, 66, 67, 69, 70, 71, 73, 76, 77, 78, 80, 81, 82, 83, 84, 85, 87, 99, 100, 101, 103, 104, 105, 106, 107, 108, 110, 122, 128, 129, 131, 133, 143, 146, 148, 149, 150, 151, 156, 157, 160, 161, 163, 164, 167, 177, 178, 179, 180, 181, 183, 184, 185, 187, 194, 197, 199, 200, 201, 203, 204, 206, 208, 209, 216, 224, 226, 227, 228, 229, 230, 231, 234, 237, 238, 239, 240, 241, 243, 246, 249, 251, 258, 266, 268, 269, 270, 271, 272, 276, 278, 280, 290, 295, 296, 297, 311, 313, 315, 316, 317, 325, 326, 328, 329, 330, 331, 339, 340, 343, 344, 345, 346, 350, 351, 354, 357, 374], "summary": {"covered_lines": 123, "num_statements": 141, "percent_covered": 87.23404255319149, "percent_covered_display": "87", "missing_lines": 18, "excluded_lines": 0}, "missing_lines": [65, 134, 136, 137, 139, 140, 158, 244, 273, 301, 303, 304, 305, 359, 361, 362, 371, 375], "excluded_lines": []}}}, "tests/__init__.py": {"executed_lines": [1], "summary": {"covered_lines": 0, "num_statements": 0, "percent_covered": 100.0, "percent_covered_display": "100", "missing_lines": 0, "excluded_lines": 0}, "missing_lines": [], "excluded_lines": [], "functions": {"": {"executed_lines": [1], "summary": {"covered_lines": 0, "num_statements": 0, "percent_covered": 100.0, "percent_covered_display": "100", "missing_lines": 0, "excluded_lines": 0}, "missing_lines": [], "excluded_lines": []}}, "classes": {"": {"executed_lines": [1], "summary": {"covered_lines": 0, "num_statements": 0, "percent_covered": 100.0, "percent_covered_display": "100", "missing_lines": 0, "excluded_lines": 0}, "missing_lines": [], "excluded_lines": []}}}, "tests/conftest.py": {"executed_lines": [1, 7, 8, 9, 11, 14, 15, 17, 23, 24, 25, 27, 28, 31, 32, 34, 57, 58, 60, 79, 80, 82, 101, 102, 104, 127, 128, 137, 138, 147, 148, 157, 158, 168, 169, 179], "summary": {"covered_lines": 34, "num_statements": 52, "percent_covered": 65.38461538461539, "percent_covered_display": "65", "missing_lines": 18, "excluded_lines": 0}, "missing_lines": [130, 140, 150, 160, 161, 162, 163, 164, 165, 171, 172, 173, 174, 175, 176, 181, 182, 183], "excluded_lines": [], "functions": {"MockResponse.__init__": {"executed_lines": [23, 24, 25], "summary": {"covered_lines": 3, "num_statements": 3, "percent_covered": 100.0, "percent_covered_display": "100", "missing_lines": 0, "excluded_lines": 0}, "missing_lines": [], "excluded_lines": []}, "MockResponse.json": {"executed_lines": [28], "summary": {"covered_lines": 1, "num_statements": 1, "percent_covered": 100.0, "percent_covered_display": "100", "missing_lines": 0, "excluded_lines": 0}, "missing_lines": [], "excluded_lines": []}, "mock_openai_response": {"executed_lines": [34], "summary": {"covered_lines": 1, "num_statements": 1, "percent_covered": 100.0, "percent_covered_display": "100", "missing_lines": 0, "excluded_lines": 0}, "missing_lines": [], "excluded_lines": []}, "mock_anthropic_response": {"executed_lines": [60], "summary": {"covered_lines": 1, "num_statements": 1, "percent_covered": 100.0, "percent_covered_display": "100", "missing_lines": 0, "excluded_lines": 0}, "missing_lines": [], "excluded_lines": []}, "mock_gemini_response": {"executed_lines": [82], "summary": {"covered_lines": 1, "num_statements": 1, "percent_covered": 100.0, "percent_covered_display": "100", "missing_lines": 0, "excluded_lines": 0}, "missing_lines": [], "excluded_lines": []}, "mock_openai_compatible_response": {"executed_lines": [104], "summary": {"covered_lines": 1, "num_statements": 1, "percent_covered": 100.0, "percent_covered_display": "100", "missing_lines": 0, "excluded_lines": 0}, "missing_lines": [], "excluded_lines": []}, "mock_rate_limit_response": {"executed_lines": [], "summary": {"covered_lines": 0, "num_statements": 1, "percent_covered": 0.0, "percent_covered_display": "0", "missing_lines": 1, "excluded_lines": 0}, "missing_lines": [130], "excluded_lines": []}, "mock_auth_error_response": {"executed_lines": [], "summary": {"covered_lines": 0, "num_statements": 1, "percent_covered": 0.0, "percent_covered_display": "0", "missing_lines": 1, "excluded_lines": 0}, "missing_lines": [140], "excluded_lines": []}, "mock_server_error_response": {"executed_lines": [], "summary": {"covered_lines": 0, "num_statements": 1, "percent_covered": 0.0, "percent_covered_display": "0", "missing_lines": 1, "excluded_lines": 0}, "missing_lines": [150], "excluded_lines": []}, "mock_env_with_all_keys": {"executed_lines": [], "summary": {"covered_lines": 0, "num_statements": 6, "percent_covered": 0.0, "percent_covered_display": "0", "missing_lines": 6, "excluded_lines": 0}, "missing_lines": [160, 161, 162, 163, 164, 165], "excluded_lines": []}, "mock_env_no_keys": {"executed_lines": [], "summary": {"covered_lines": 0, "num_statements": 6, "percent_covered": 0.0, "percent_covered_display": "0", "missing_lines": 6, "excluded_lines": 0}, "missing_lines": [171, 172, 173, 174, 175, 176], "excluded_lines": []}, "create_mock_post": {"executed_lines": [], "summary": {"covered_lines": 0, "num_statements": 3, "percent_covered": 0.0, "percent_covered_display": "0", "missing_lines": 3, "excluded_lines": 0}, "missing_lines": [181, 182, 183], "excluded_lines": []}, "": {"executed_lines": [1, 7, 8, 9, 11, 14, 15, 17, 27, 31, 32, 57, 58, 79, 80, 101, 102, 127, 128, 137, 138, 147, 148, 157, 158, 168, 169, 179], "summary": {"covered_lines": 26, "num_statements": 26, "percent_covered": 100.0, "percent_covered_display": "100", "missing_lines": 0, "excluded_lines": 0}, "missing_lines": [], "excluded_lines": []}}, "classes": {"MockResponse": {"executed_lines": [23, 24, 25, 28], "summary": {"covered_lines": 4, "num_statements": 4, "percent_covered": 100.0, "percent_covered_display": "100", "missing_lines": 0, "excluded_lines": 0}, "missing_lines": [], "excluded_lines": []}, "": {"executed_lines": [1, 7, 8, 9, 11, 14, 15, 17, 27, 31, 32, 34, 57, 58, 60, 79, 80, 82, 101, 102, 104, 127, 128, 137, 138, 147, 148, 157, 158, 168, 169, 179], "summary": {"covered_lines": 30, "num_statements": 48, "percent_covered": 62.5, "percent_covered_display": "62", "missing_lines": 18, "excluded_lines": 0}, "missing_lines": [130, 140, 150, 160, 161, 162, 163, 164, 165, 171, 172, 173, 174, 175, 176, 181, 182, 183], "excluded_lines": []}}}, "tests/test_errors.py": {"executed_lines": [1, 3, 5, 16, 17, 19, 21, 23, 24, 25, 26, 28, 30, 32, 33, 34, 35, 36, 39, 40, 42, 44, 45, 46, 47, 48, 50, 52, 53, 54, 56, 58, 63, 64, 66, 68, 73, 74, 75, 76, 77, 80, 81, 83, 85, 86, 87, 89, 91, 92, 93, 95, 97, 98, 99, 101, 103, 104, 105, 107, 109, 110, 111, 113, 115, 116, 117, 118, 120, 122, 127, 129, 131, 132, 133, 136, 137, 139, 141, 142, 144, 146, 147, 150, 151, 153, 155, 156, 157, 160, 161, 163, 165, 166, 167, 169, 171, 172, 173, 176, 177, 179, 181, 182, 183, 185, 187, 188, 189, 191, 193, 194, 196, 198, 199], "summary": {"covered_lines": 107, "num_statements": 107, "percent_covered": 100.0, "percent_covered_display": "100", "missing_lines": 0, "excluded_lines": 0}, "missing_lines": [], "excluded_lines": [], "functions": {"TestErrorCode.test_retryable_codes": {"executed_lines": [21, 23, 24, 25, 26], "summary": {"covered_lines": 5, "num_statements": 5, "percent_covered": 100.0, "percent_covered_display": "100", "missing_lines": 0, "excluded_lines": 0}, "missing_lines": [], "excluded_lines": []}, "TestErrorCode.test_non_retryable_codes": {"executed_lines": [30, 32, 33, 34, 35, 36], "summary": {"covered_lines": 6, "num_statements": 6, "percent_covered": 100.0, "percent_covered_display": "100", "missing_lines": 0, "excluded_lines": 0}, "missing_lines": [], "excluded_lines": []}, "TestWorkerError.test_basic_error": {"executed_lines": [44, 45, 46, 47, 48], "summary": {"covered_lines": 5, "num_statements": 5, "percent_covered": 100.0, "percent_covered_display": "100", "missing_lines": 0, "excluded_lines": 0}, "missing_lines": [], "excluded_lines": []}, "TestWorkerError.test_error_with_code": {"executed_lines": [52, 53, 54], "summary": {"covered_lines": 3, "num_statements": 3, "percent_covered": 100.0, "percent_covered_display": "100", "missing_lines": 0, "excluded_lines": 0}, "missing_lines": [], "excluded_lines": []}, "TestWorkerError.test_error_with_details": {"executed_lines": [58, 63, 64], "summary": {"covered_lines": 3, "num_statements": 3, "percent_covered": 100.0, "percent_covered_display": "100", "missing_lines": 0, "excluded_lines": 0}, "missing_lines": [], "excluded_lines": []}, "TestWorkerError.test_to_dict": {"executed_lines": [68, 73, 74, 75, 76, 77], "summary": {"covered_lines": 6, "num_statements": 6, "percent_covered": 100.0, "percent_covered_display": "100", "missing_lines": 0, "excluded_lines": 0}, "missing_lines": [], "excluded_lines": []}, "TestLLMError.test_auto_classify_rate_limit": {"executed_lines": [85, 86, 87], "summary": {"covered_lines": 3, "num_statements": 3, "percent_covered": 100.0, "percent_covered_display": "100", "missing_lines": 0, "excluded_lines": 0}, "missing_lines": [], "excluded_lines": []}, "TestLLMError.test_auto_classify_auth_error": {"executed_lines": [91, 92, 93], "summary": {"covered_lines": 3, "num_statements": 3, "percent_covered": 100.0, "percent_covered_display": "100", "missing_lines": 0, "excluded_lines": 0}, "missing_lines": [], "excluded_lines": []}, "TestLLMError.test_auto_classify_forbidden": {"executed_lines": [97, 98, 99], "summary": {"covered_lines": 3, "num_statements": 3, "percent_covered": 100.0, "percent_covered_display": "100", "missing_lines": 0, "excluded_lines": 0}, "missing_lines": [], "excluded_lines": []}, "TestLLMError.test_auto_classify_not_found": {"executed_lines": [103, 104, 105], "summary": {"covered_lines": 3, "num_statements": 3, "percent_covered": 100.0, "percent_covered_display": "100", "missing_lines": 0, "excluded_lines": 0}, "missing_lines": [], "excluded_lines": []}, "TestLLMError.test_auto_classify_bad_request": {"executed_lines": [109, 110, 111], "summary": {"covered_lines": 3, "num_statements": 3, "percent_covered": 100.0, "percent_covered_display": "100", "missing_lines": 0, "excluded_lines": 0}, "missing_lines": [], "excluded_lines": []}, "TestLLMError.test_auto_classify_server_error": {"executed_lines": [115, 116, 117, 118], "summary": {"covered_lines": 4, "num_statements": 4, "percent_covered": 100.0, "percent_covered_display": "100", "missing_lines": 0, "excluded_lines": 0}, "missing_lines": [], "excluded_lines": []}, "TestLLMError.test_explicit_code_overrides": {"executed_lines": [122, 127], "summary": {"covered_lines": 2, "num_statements": 2, "percent_covered": 100.0, "percent_covered_display": "100", "missing_lines": 0, "excluded_lines": 0}, "missing_lines": [], "excluded_lines": []}, "TestLLMError.test_to_dict_includes_status": {"executed_lines": [131, 132, 133], "summary": {"covered_lines": 3, "num_statements": 3, "percent_covered": 100.0, "percent_covered_display": "100", "missing_lines": 0, "excluded_lines": 0}, "missing_lines": [], "excluded_lines": []}, "TestRetryableError.test_always_retryable": {"executed_lines": [141, 142], "summary": {"covered_lines": 2, "num_statements": 2, "percent_covered": 100.0, "percent_covered_display": "100", "missing_lines": 0, "excluded_lines": 0}, "missing_lines": [], "excluded_lines": []}, "TestRetryableError.test_defaults_to_network_error": {"executed_lines": [146, 147], "summary": {"covered_lines": 2, "num_statements": 2, "percent_covered": 100.0, "percent_covered_display": "100", "missing_lines": 0, "excluded_lines": 0}, "missing_lines": [], "excluded_lines": []}, "TestValidationError.test_never_retryable": {"executed_lines": [155, 156, 157], "summary": {"covered_lines": 3, "num_statements": 3, "percent_covered": 100.0, "percent_covered_display": "100", "missing_lines": 0, "excluded_lines": 0}, "missing_lines": [], "excluded_lines": []}, "TestClassifyHttpError.test_classify_429": {"executed_lines": [165, 166, 167], "summary": {"covered_lines": 3, "num_statements": 3, "percent_covered": 100.0, "percent_covered_display": "100", "missing_lines": 0, "excluded_lines": 0}, "missing_lines": [], "excluded_lines": []}, "TestClassifyHttpError.test_classify_500": {"executed_lines": [171, 172, 173], "summary": {"covered_lines": 3, "num_statements": 3, "percent_covered": 100.0, "percent_covered_display": "100", "missing_lines": 0, "excluded_lines": 0}, "missing_lines": [], "excluded_lines": []}, "TestClassifyException.test_timeout_error": {"executed_lines": [181, 182, 183], "summary": {"covered_lines": 3, "num_statements": 3, "percent_covered": 100.0, "percent_covered_display": "100", "missing_lines": 0, "excluded_lines": 0}, "missing_lines": [], "excluded_lines": []}, "TestClassifyException.test_connection_error": {"executed_lines": [187, 188, 189], "summary": {"covered_lines": 3, "num_statements": 3, "percent_covered": 100.0, "percent_covered_display": "100", "missing_lines": 0, "excluded_lines": 0}, "missing_lines": [], "excluded_lines": []}, "TestClassifyException.test_rate_limit_in_message": {"executed_lines": [193, 194], "summary": {"covered_lines": 2, "num_statements": 2, "percent_covered": 100.0, "percent_covered_display": "100", "missing_lines": 0, "excluded_lines": 0}, "missing_lines": [], "excluded_lines": []}, "TestClassifyException.test_unknown_error": {"executed_lines": [198, 199], "summary": {"covered_lines": 2, "num_statements": 2, "percent_covered": 100.0, "percent_covered_display": "100", "missing_lines": 0, "excluded_lines": 0}, "missing_lines": [], "excluded_lines": []}, "": {"executed_lines": [1, 3, 5, 16, 17, 19, 28, 39, 40, 42, 50, 56, 66, 80, 81, 83, 89, 95, 101, 107, 113, 120, 129, 136, 137, 139, 144, 150, 151, 153, 160, 161, 163, 169, 176, 177, 179, 185, 191, 196], "summary": {"covered_lines": 32, "num_statements": 32, "percent_covered": 100.0, "percent_covered_display": "100", "missing_lines": 0, "excluded_lines": 0}, "missing_lines": [], "excluded_lines": []}}, "classes": {"TestErrorCode": {"executed_lines": [21, 23, 24, 25, 26, 30, 32, 33, 34, 35, 36], "summary": {"covered_lines": 11, "num_statements": 11, "percent_covered": 100.0, "percent_covered_display": "100", "missing_lines": 0, "excluded_lines": 0}, "missing_lines": [], "excluded_lines": []}, "TestWorkerError": {"executed_lines": [44, 45, 46, 47, 48, 52, 53, 54, 58, 63, 64, 68, 73, 74, 75, 76, 77], "summary": {"covered_lines": 17, "num_statements": 17, "percent_covered": 100.0, "percent_covered_display": "100", "missing_lines": 0, "excluded_lines": 0}, "missing_lines": [], "excluded_lines": []}, "TestLLMError": {"executed_lines": [85, 86, 87, 91, 92, 93, 97, 98, 99, 103, 104, 105, 109, 110, 111, 115, 116, 117, 118, 122, 127, 131, 132, 133], "summary": {"covered_lines": 24, "num_statements": 24, "percent_covered": 100.0, "percent_covered_display": "100", "missing_lines": 0, "excluded_lines": 0}, "missing_lines": [], "excluded_lines": []}, "TestRetryableError": {"executed_lines": [141, 142, 146, 147], "summary": {"covered_lines": 4, "num_statements": 4, "percent_covered": 100.0, "percent_covered_display": "100", "missing_lines": 0, "excluded_lines": 0}, "missing_lines": [], "excluded_lines": []}, "TestValidationError": {"executed_lines": [155, 156, 157], "summary": {"covered_lines": 3, "num_statements": 3, "percent_covered": 100.0, "percent_covered_display": "100", "missing_lines": 0, "excluded_lines": 0}, "missing_lines": [], "excluded_lines": []}, "TestClassifyHttpError": {"executed_lines": [165, 166, 167, 171, 172, 173], "summary": {"covered_lines": 6, "num_statements": 6, "percent_covered": 100.0, "percent_covered_display": "100", "missing_lines": 0, "excluded_lines": 0}, "missing_lines": [], "excluded_lines": []}, "TestClassifyException": {"executed_lines": [181, 182, 183, 187, 188, 189, 193, 194, 198, 199], "summary": {"covered_lines": 10, "num_statements": 10, "percent_covered": 100.0, "percent_covered_display": "100", "missing_lines": 0, "excluded_lines": 0}, "missing_lines": [], "excluded_lines": []}, "": {"executed_lines": [1, 3, 5, 16, 17, 19, 28, 39, 40, 42, 50, 56, 66, 80, 81, 83, 89, 95, 101, 107, 113, 120, 129, 136, 137, 139, 144, 150, 151, 153, 160, 161, 163, 169, 176, 177, 179, 185, 191, 196], "summary": {"covered_lines": 32, "num_statements": 32, "percent_covered": 100.0, "percent_covered_display": "100", "missing_lines": 0, "excluded_lines": 0}, "missing_lines": [], "excluded_lines": []}}}, "tests/test_health_check.py": {"executed_lines": [1, 3, 4, 6, 9, 10, 12, 14, 16, 17, 18, 21, 22, 24, 26, 28, 31, 33, 36, 37, 39, 42, 43, 44, 45, 46, 47, 50, 52, 54, 56, 59, 61, 63, 65, 66, 67, 68, 69, 70, 72, 74, 76, 78, 80, 81, 83, 86, 87, 89, 91, 93, 95, 97, 99, 101, 102, 103, 104, 105, 108, 109, 111, 115, 116, 118, 120, 122, 124, 125, 127, 129, 130, 131], "summary": {"covered_lines": 68, "num_statements": 68, "percent_covered": 100.0, "percent_covered_display": "100", "missing_lines": 0, "excluded_lines": 0}, "missing_lines": [], "excluded_lines": [], "functions": {"TestCheckPythonVersion.test_current_version_passes": {"executed_lines": [14, 16, 17, 18], "summary": {"covered_lines": 4, "num_statements": 4, "percent_covered": 100.0, "percent_covered_display": "100", "missing_lines": 0, "excluded_lines": 0}, "missing_lines": [], "excluded_lines": []}, "TestCheckPackages.test_required_packages_found": {"executed_lines": [26, 28, 31, 33], "summary": {"covered_lines": 4, "num_statements": 4, "percent_covered": 100.0, "percent_covered_display": "100", "missing_lines": 0, "excluded_lines": 0}, "missing_lines": [], "excluded_lines": []}, "TestCheckApiKeys.test_no_keys_warns": {"executed_lines": [42, 43, 44, 45, 46, 47, 50, 52, 54, 56, 59, 61], "summary": {"covered_lines": 12, "num_statements": 12, "percent_covered": 100.0, "percent_covered_display": "100", "missing_lines": 0, "excluded_lines": 0}, "missing_lines": [], "excluded_lines": []}, "TestCheckApiKeys.test_with_openai_key": {"executed_lines": [65, 66, 67, 68, 69, 70, 72, 74, 76, 78, 80, 81, 83], "summary": {"covered_lines": 13, "num_statements": 13, "percent_covered": 100.0, "percent_covered_display": "100", "missing_lines": 0, "excluded_lines": 0}, "missing_lines": [], "excluded_lines": []}, "TestRunHealthCheck.test_success": {"executed_lines": [91, 93, 95, 97, 99, 101, 102, 103, 104, 105], "summary": {"covered_lines": 10, "num_statements": 10, "percent_covered": 100.0, "percent_covered_display": "100", "missing_lines": 0, "excluded_lines": 0}, "missing_lines": [], "excluded_lines": []}, "TestMainFunction.test_returns_success": {"executed_lines": [115, 116, 118, 120, 122, 124, 125, 127, 129, 130, 131], "summary": {"covered_lines": 11, "num_statements": 11, "percent_covered": 100.0, "percent_covered_display": "100", "missing_lines": 0, "excluded_lines": 0}, "missing_lines": [], "excluded_lines": []}, "": {"executed_lines": [1, 3, 4, 6, 9, 10, 12, 21, 22, 24, 36, 37, 39, 63, 86, 87, 89, 108, 109, 111], "summary": {"covered_lines": 14, "num_statements": 14, "percent_covered": 100.0, "percent_covered_display": "100", "missing_lines": 0, "excluded_lines": 0}, "missing_lines": [], "excluded_lines": []}}, "classes": {"TestCheckPythonVersion": {"executed_lines": [14, 16, 17, 18], "summary": {"covered_lines": 4, "num_statements": 4, "percent_covered": 100.0, "percent_covered_display": "100", "missing_lines": 0, "excluded_lines": 0}, "missing_lines": [], "excluded_lines": []}, "TestCheckPackages": {"executed_lines": [26, 28, 31, 33], "summary": {"covered_lines": 4, "num_statements": 4, "percent_covered": 100.0, "percent_covered_display": "100", "missing_lines": 0, "excluded_lines": 0}, "missing_lines": [], "excluded_lines": []}, "TestCheckApiKeys": {"executed_lines": [42, 43, 44, 45, 46, 47, 50, 52, 54, 56, 59, 61, 65, 66, 67, 68, 69, 70, 72, 74, 76, 78, 80, 81, 83], "summary": {"covered_lines": 25, "num_statements": 25, "percent_covered": 100.0, "percent_covered_display": "100", "missing_lines": 0, "excluded_lines": 0}, "missing_lines": [], "excluded_lines": []}, "TestRunHealthCheck": {"executed_lines": [91, 93, 95, 97, 99, 101, 102, 103, 104, 105], "summary": {"covered_lines": 10, "num_statements": 10, "percent_covered": 100.0, "percent_covered_display": "100", "missing_lines": 0, "excluded_lines": 0}, "missing_lines": [], "excluded_lines": []}, "TestMainFunction": {"executed_lines": [115, 116, 118, 120, 122, 124, 125, 127, 129, 130, 131], "summary": {"covered_lines": 11, "num_statements": 11, "percent_covered": 100.0, "percent_covered_display": "100", "missing_lines": 0, "excluded_lines": 0}, "missing_lines": [], "excluded_lines": []}, "": {"executed_lines": [1, 3, 4, 6, 9, 10, 12, 21, 22, 24, 36, 37, 39, 63, 86, 87, 89, 108, 109, 111], "summary": {"covered_lines": 14, "num_statements": 14, "percent_covered": 100.0, "percent_covered_display": "100", "missing_lines": 0, "excluded_lines": 0}, "missing_lines": [], "excluded_lines": []}}}, "tests/test_llm_adapters.py": {"executed_lines": [1, 3, 4, 6, 7, 9, 10, 22, 25, 26, 28, 30, 31, 32, 34, 36, 37, 38, 40, 42, 43, 45, 47, 48, 50, 52, 53, 55, 57, 58, 60, 62, 63, 65, 67, 70, 71, 73, 74, 76, 77, 79, 85, 86, 88, 93, 94, 95, 96, 97, 99, 102, 103, 104, 107, 109, 110, 112, 114, 116, 117, 123, 124, 126, 127, 130, 131, 133, 134, 136, 138, 144, 145, 147, 152, 153, 154, 156, 162, 163, 165, 174, 175, 176, 177, 180, 181, 183, 184, 186, 188, 194, 195, 197, 202, 203, 204, 207, 208, 210, 211, 213, 215, 221, 222, 224, 229, 230, 233, 234, 236, 237, 239, 241, 247, 248, 250, 255, 257, 263, 264, 266, 272, 273, 274, 277, 278, 280, 281, 283, 285, 291, 292, 294, 299, 302, 303, 305, 307, 313, 314, 315, 316, 317, 319, 321, 322, 323, 324, 325, 328, 329, 331, 333, 334, 336, 337, 339, 340, 342, 343, 345, 347, 348, 350, 351, 353, 354, 356, 357, 359, 361, 362, 364, 365, 371, 372, 374, 375], "summary": {"covered_lines": 169, "num_statements": 169, "percent_covered": 100.0, "percent_covered_display": "100", "missing_lines": 0, "excluded_lines": 0}, "missing_lines": [], "excluded_lines": [], "functions": {"TestInferProvider.test_infer_openai_from_gpt": {"executed_lines": [30, 31, 32], "summary": {"covered_lines": 3, "num_statements": 3, "percent_covered": 100.0, "percent_covered_display": "100", "missing_lines": 0, "excluded_lines": 0}, "missing_lines": [], "excluded_lines": []}, "TestInferProvider.test_infer_anthropic_from_claude": {"executed_lines": [36, 37, 38], "summary": {"covered_lines": 3, "num_statements": 3, "percent_covered": 100.0, "percent_covered_display": "100", "missing_lines": 0, "excluded_lines": 0}, "missing_lines": [], "excluded_lines": []}, "TestInferProvider.test_infer_google_from_gemini": {"executed_lines": [42, 43], "summary": {"covered_lines": 2, "num_statements": 2, "percent_covered": 100.0, "percent_covered_display": "100", "missing_lines": 0, "excluded_lines": 0}, "missing_lines": [], "excluded_lines": []}, "TestInferProvider.test_infer_xai_from_grok": {"executed_lines": [47, 48], "summary": {"covered_lines": 2, "num_statements": 2, "percent_covered": 100.0, "percent_covered_display": "100", "missing_lines": 0, "excluded_lines": 0}, "missing_lines": [], "excluded_lines": []}, "TestInferProvider.test_infer_deepseek": {"executed_lines": [52, 53], "summary": {"covered_lines": 2, "num_statements": 2, "percent_covered": 100.0, "percent_covered_display": "100", "missing_lines": 0, "excluded_lines": 0}, "missing_lines": [], "excluded_lines": []}, "TestInferProvider.test_infer_mistral": {"executed_lines": [57, 58], "summary": {"covered_lines": 2, "num_statements": 2, "percent_covered": 100.0, "percent_covered_display": "100", "missing_lines": 0, "excluded_lines": 0}, "missing_lines": [], "excluded_lines": []}, "TestInferProvider.test_explicit_prefix": {"executed_lines": [62, 63], "summary": {"covered_lines": 2, "num_statements": 2, "percent_covered": 100.0, "percent_covered_display": "100", "missing_lines": 0, "excluded_lines": 0}, "missing_lines": [], "excluded_lines": []}, "TestInferProvider.test_unknown_model": {"executed_lines": [67], "summary": {"covered_lines": 1, "num_statements": 1, "percent_covered": 100.0, "percent_covered_display": "100", "missing_lines": 0, "excluded_lines": 0}, "missing_lines": [], "excluded_lines": []}, "TestOpenAIAdapter.adapter": {"executed_lines": [76, 77], "summary": {"covered_lines": 2, "num_statements": 2, "percent_covered": 100.0, "percent_covered_display": "100", "missing_lines": 0, "excluded_lines": 0}, "missing_lines": [], "excluded_lines": []}, "TestOpenAIAdapter.test_generate_success": {"executed_lines": [85, 86, 88, 93, 94, 95, 96, 97], "summary": {"covered_lines": 8, "num_statements": 8, "percent_covered": 100.0, "percent_covered_display": "100", "missing_lines": 0, "excluded_lines": 0}, "missing_lines": [], "excluded_lines": []}, "TestOpenAIAdapter.test_missing_api_key": {"executed_lines": [102, 103, 104, 107, 109, 110, 112], "summary": {"covered_lines": 7, "num_statements": 7, "percent_covered": 100.0, "percent_covered_display": "100", "missing_lines": 0, "excluded_lines": 0}, "missing_lines": [], "excluded_lines": []}, "TestOpenAIAdapter.test_rate_limit_error": {"executed_lines": [116, 117, 123, 124, 126, 127], "summary": {"covered_lines": 6, "num_statements": 6, "percent_covered": 100.0, "percent_covered_display": "100", "missing_lines": 0, "excluded_lines": 0}, "missing_lines": [], "excluded_lines": []}, "TestAnthropicAdapter.adapter": {"executed_lines": [136], "summary": {"covered_lines": 1, "num_statements": 1, "percent_covered": 100.0, "percent_covered_display": "100", "missing_lines": 0, "excluded_lines": 0}, "missing_lines": [], "excluded_lines": []}, "TestAnthropicAdapter.test_generate_success": {"executed_lines": [144, 145, 147, 152, 153, 154], "summary": {"covered_lines": 6, "num_statements": 6, "percent_covered": 100.0, "percent_covered_display": "100", "missing_lines": 0, "excluded_lines": 0}, "missing_lines": [], "excluded_lines": []}, "TestAnthropicAdapter.test_system_message_handling": {"executed_lines": [162, 163, 165, 174, 175, 176, 177], "summary": {"covered_lines": 7, "num_statements": 7, "percent_covered": 100.0, "percent_covered_display": "100", "missing_lines": 0, "excluded_lines": 0}, "missing_lines": [], "excluded_lines": []}, "TestGeminiAdapter.adapter": {"executed_lines": [186], "summary": {"covered_lines": 1, "num_statements": 1, "percent_covered": 100.0, "percent_covered_display": "100", "missing_lines": 0, "excluded_lines": 0}, "missing_lines": [], "excluded_lines": []}, "TestGeminiAdapter.test_generate_success": {"executed_lines": [194, 195, 197, 202, 203, 204], "summary": {"covered_lines": 6, "num_statements": 6, "percent_covered": 100.0, "percent_covered_display": "100", "missing_lines": 0, "excluded_lines": 0}, "missing_lines": [], "excluded_lines": []}, "TestXAIAdapter.adapter": {"executed_lines": [213], "summary": {"covered_lines": 1, "num_statements": 1, "percent_covered": 100.0, "percent_covered_display": "100", "missing_lines": 0, "excluded_lines": 0}, "missing_lines": [], "excluded_lines": []}, "TestXAIAdapter.test_generate_success": {"executed_lines": [221, 222, 224, 229, 230], "summary": {"covered_lines": 5, "num_statements": 5, "percent_covered": 100.0, "percent_covered_display": "100", "missing_lines": 0, "excluded_lines": 0}, "missing_lines": [], "excluded_lines": []}, "TestDeepSeekAdapter.adapter": {"executed_lines": [239], "summary": {"covered_lines": 1, "num_statements": 1, "percent_covered": 100.0, "percent_covered_display": "100", "missing_lines": 0, "excluded_lines": 0}, "missing_lines": [], "excluded_lines": []}, "TestDeepSeekAdapter.test_generate_success": {"executed_lines": [247, 248, 250, 255], "summary": {"covered_lines": 4, "num_statements": 4, "percent_covered": 100.0, "percent_covered_display": "100", "missing_lines": 0, "excluded_lines": 0}, "missing_lines": [], "excluded_lines": []}, "TestDeepSeekAdapter.test_max_tokens_capped": {"executed_lines": [263, 264, 266, 272, 273, 274], "summary": {"covered_lines": 6, "num_statements": 6, "percent_covered": 100.0, "percent_covered_display": "100", "missing_lines": 0, "excluded_lines": 0}, "missing_lines": [], "excluded_lines": []}, "TestMistralAdapter.adapter": {"executed_lines": [283], "summary": {"covered_lines": 1, "num_statements": 1, "percent_covered": 100.0, "percent_covered_display": "100", "missing_lines": 0, "excluded_lines": 0}, "missing_lines": [], "excluded_lines": []}, "TestMistralAdapter.test_generate_success": {"executed_lines": [291, 292, 294, 299], "summary": {"covered_lines": 4, "num_statements": 4, "percent_covered": 100.0, "percent_covered_display": "100", "missing_lines": 0, "excluded_lines": 0}, "missing_lines": [], "excluded_lines": []}, "TestLLMResponse.test_to_dict": {"executed_lines": [307, 313, 314, 315, 316, 317], "summary": {"covered_lines": 6, "num_statements": 6, "percent_covered": 100.0, "percent_covered_display": "100", "missing_lines": 0, "excluded_lines": 0}, "missing_lines": [], "excluded_lines": []}, "TestLLMResponse.test_to_dict_with_none": {"executed_lines": [321, 322, 323, 324, 325], "summary": {"covered_lines": 5, "num_statements": 5, "percent_covered": 100.0, "percent_covered_display": "100", "missing_lines": 0, "excluded_lines": 0}, "missing_lines": [], "excluded_lines": []}, "TestErrorHandling.test_timeout_is_retryable": {"executed_lines": [333, 334, 336, 337, 339, 340, 342, 343], "summary": {"covered_lines": 8, "num_statements": 8, "percent_covered": 100.0, "percent_covered_display": "100", "missing_lines": 0, "excluded_lines": 0}, "missing_lines": [], "excluded_lines": []}, "TestErrorHandling.test_connection_error_is_retryable": {"executed_lines": [347, 348, 350, 351, 353, 354, 356, 357], "summary": {"covered_lines": 8, "num_statements": 8, "percent_covered": 100.0, "percent_covered_display": "100", "missing_lines": 0, "excluded_lines": 0}, "missing_lines": [], "excluded_lines": []}, "TestErrorHandling.test_auth_error_not_retryable": {"executed_lines": [361, 362, 364, 365, 371, 372, 374, 375], "summary": {"covered_lines": 8, "num_statements": 8, "percent_covered": 100.0, "percent_covered_display": "100", "missing_lines": 0, "excluded_lines": 0}, "missing_lines": [], "excluded_lines": []}, "": {"executed_lines": [1, 3, 4, 6, 7, 9, 10, 22, 25, 26, 28, 34, 40, 45, 50, 55, 60, 65, 70, 71, 73, 74, 79, 99, 114, 130, 131, 133, 134, 138, 156, 180, 181, 183, 184, 188, 207, 208, 210, 211, 215, 233, 234, 236, 237, 241, 257, 277, 278, 280, 281, 285, 302, 303, 305, 319, 328, 329, 331, 345, 359], "summary": {"covered_lines": 51, "num_statements": 51, "percent_covered": 100.0, "percent_covered_display": "100", "missing_lines": 0, "excluded_lines": 0}, "missing_lines": [], "excluded_lines": []}}, "classes": {"TestInferProvider": {"executed_lines": [30, 31, 32, 36, 37, 38, 42, 43, 47, 48, 52, 53, 57, 58, 62, 63, 67], "summary": {"covered_lines": 17, "num_statements": 17, "percent_covered": 100.0, "percent_covered_display": "100", "missing_lines": 0, "excluded_lines": 0}, "missing_lines": [], "excluded_lines": []}, "TestOpenAIAdapter": {"executed_lines": [76, 77, 85, 86, 88, 93, 94, 95, 96, 97, 102, 103, 104, 107, 109, 110, 112, 116, 117, 123, 124, 126, 127], "summary": {"covered_lines": 23, "num_statements": 23, "percent_covered": 100.0, "percent_covered_display": "100", "missing_lines": 0, "excluded_lines": 0}, "missing_lines": [], "excluded_lines": []}, "TestAnthropicAdapter": {"executed_lines": [136, 144, 145, 147, 152, 153, 154, 162, 163, 165, 174, 175, 176, 177], "summary": {"covered_lines": 14, "num_statements": 14, "percent_covered": 100.0, "percent_covered_display": "100", "missing_lines": 0, "excluded_lines": 0}, "missing_lines": [], "excluded_lines": []}, "TestGeminiAdapter": {"executed_lines": [186, 194, 195, 197, 202, 203, 204], "summary": {"covered_lines": 7, "num_statements": 7, "percent_covered": 100.0, "percent_covered_display": "100", "missing_lines": 0, "excluded_lines": 0}, "missing_lines": [], "excluded_lines": []}, "TestXAIAdapter": {"executed_lines": [213, 221, 222, 224, 229, 230], "summary": {"covered_lines": 6, "num_statements": 6, "percent_covered": 100.0, "percent_covered_display": "100", "missing_lines": 0, "excluded_lines": 0}, "missing_lines": [], "excluded_lines": []}, "TestDeepSeekAdapter": {"executed_lines": [239, 247, 248, 250, 255, 263, 264, 266, 272, 273, 274], "summary": {"covered_lines": 11, "num_statements": 11, "percent_covered": 100.0, "percent_covered_display": "100", "missing_lines": 0, "excluded_lines": 0}, "missing_lines": [], "excluded_lines": []}, "TestMistralAdapter": {"executed_lines": [283, 291, 292, 294, 299], "summary": {"covered_lines": 5, "num_statements": 5, "percent_covered": 100.0, "percent_covered_display": "100", "missing_lines": 0, "excluded_lines": 0}, "missing_lines": [], "excluded_lines": []}, "TestLLMResponse": {"executed_lines": [307, 313, 314, 315, 316, 317, 321, 322, 323, 324, 325], "summary": {"covered_lines": 11, "num_statements": 11, "percent_covered": 100.0, "percent_covered_display": "100", "missing_lines": 0, "excluded_lines": 0}, "missing_lines": [], "excluded_lines": []}, "TestErrorHandling": {"executed_lines": [333, 334, 336, 337, 339, 340, 342, 343, 347, 348, 350, 351, 353, 354, 356, 357, 361, 362, 364, 365, 371, 372, 374, 375], "summary": {"covered_lines": 24, "num_statements": 24, "percent_covered": 100.0, "percent_covered_display": "100", "missing_lines": 0, "excluded_lines": 0}, "missing_lines": [], "excluded_lines": []}, "": {"executed_lines": [1, 3, 4, 6, 7, 9, 10, 22, 25, 26, 28, 34, 40, 45, 50, 55, 60, 65, 70, 71, 73, 74, 79, 99, 114, 130, 131, 133, 134, 138, 156, 180, 181, 183, 184, 188, 207, 208, 210, 211, 215, 233, 234, 236, 237, 241, 257, 277, 278, 280, 281, 285, 302, 303, 305, 319, 328, 329, 331, 345, 359], "summary": {"covered_lines": 51, "num_statements": 51, "percent_covered": 100.0, "percent_covered_display": "100", "missing_lines": 0, "excluded_lines": 0}, "missing_lines": [], "excluded_lines": []}}}, "tests/test_probe.py": {"executed_lines": [1, 3, 4, 5, 7, 9, 10, 13, 14, 16, 18, 20, 36, 38, 40, 41, 43, 48, 49, 51, 53, 55, 56, 58, 69, 70, 72, 74, 76, 77, 79, 89, 90, 92, 95, 96, 98, 100, 102, 104, 106, 109, 110, 111, 113, 115, 118, 119, 122, 123, 125, 127, 129, 137, 139, 140, 141, 142, 143, 144, 147, 148, 150, 152, 154, 156, 171, 173, 174, 175, 176, 177, 180, 181, 183, 184, 186, 204, 206, 209, 211, 212, 219, 221, 222, 223, 224, 225, 226, 228, 230, 232, 233, 238, 240, 241, 242, 243, 244, 245, 247, 249, 250, 252, 253, 258, 260, 261, 262, 264, 266, 268, 270, 271, 273, 275, 276, 277, 279, 281, 284, 288, 290, 291, 293, 295, 297, 300, 301, 303, 305, 306, 308, 309, 311, 313, 314, 315, 316, 318, 320, 321, 323, 324, 326, 328, 329, 330, 331, 333, 335, 336, 338, 340, 341, 343, 345, 346, 347, 348, 350, 352, 353, 355, 365, 366, 367, 373, 375, 377, 378, 379, 380, 383, 384, 386, 388, 389, 391, 399, 400, 405, 407, 408, 409, 411, 413, 414, 416, 424, 425, 430, 432, 433, 434], "summary": {"covered_lines": 187, "num_statements": 187, "percent_covered": 100.0, "percent_covered_display": "100", "missing_lines": 0, "excluded_lines": 0}, "missing_lines": [], "excluded_lines": [], "functions": {"TestValidateInput.test_valid_input": {"executed_lines": [18, 20, 36], "summary": {"covered_lines": 3, "num_statements": 3, "percent_covered": 100.0, "percent_covered_display": "100", "missing_lines": 0, "excluded_lines": 0}, "missing_lines": [], "excluded_lines": []}, "TestValidateInput.test_missing_required_field": {"executed_lines": [40, 41, 43, 48, 49, 51], "summary": {"covered_lines": 6, "num_statements": 6, "percent_covered": 100.0, "percent_covered_display": "100", "missing_lines": 0, "excluded_lines": 0}, "missing_lines": [], "excluded_lines": []}, "TestValidateInput.test_missing_scenario_prompt": {"executed_lines": [55, 56, 58, 69, 70, 72], "summary": {"covered_lines": 6, "num_statements": 6, "percent_covered": 100.0, "percent_covered_display": "100", "missing_lines": 0, "excluded_lines": 0}, "missing_lines": [], "excluded_lines": []}, "TestValidateInput.test_empty_prompt_rejected": {"executed_lines": [76, 77, 79, 89, 90, 92], "summary": {"covered_lines": 6, "num_statements": 6, "percent_covered": 100.0, "percent_covered_display": "100", "missing_lines": 0, "excluded_lines": 0}, "missing_lines": [], "excluded_lines": []}, "TestEstimateTokens.test_empty_text": {"executed_lines": [100, 102], "summary": {"covered_lines": 2, "num_statements": 2, "percent_covered": 100.0, "percent_covered_display": "100", "missing_lines": 0, "excluded_lines": 0}, "missing_lines": [], "excluded_lines": []}, "TestEstimateTokens.test_character_estimation": {"executed_lines": [106, 109, 110, 111], "summary": {"covered_lines": 4, "num_statements": 4, "percent_covered": 100.0, "percent_covered_display": "100", "missing_lines": 0, "excluded_lines": 0}, "missing_lines": [], "excluded_lines": []}, "TestEstimateTokens.test_minimum_token_count": {"executed_lines": [115, 118, 119], "summary": {"covered_lines": 3, "num_statements": 3, "percent_covered": 100.0, "percent_covered_display": "100", "missing_lines": 0, "excluded_lines": 0}, "missing_lines": [], "excluded_lines": []}, "TestTurn.test_to_dict": {"executed_lines": [127, 129, 137, 139, 140, 141, 142, 143, 144], "summary": {"covered_lines": 9, "num_statements": 9, "percent_covered": 100.0, "percent_covered_display": "100", "missing_lines": 0, "excluded_lines": 0}, "missing_lines": [], "excluded_lines": []}, "TestTranscript.test_to_dict": {"executed_lines": [152, 154, 156, 171, 173, 174, 175, 176, 177], "summary": {"covered_lines": 9, "num_statements": 9, "percent_covered": 100.0, "percent_covered_display": "100", "missing_lines": 0, "excluded_lines": 0}, "missing_lines": [], "excluded_lines": []}, "TestRunProbe.valid_input": {"executed_lines": [186], "summary": {"covered_lines": 1, "num_statements": 1, "percent_covered": 100.0, "percent_covered_display": "100", "missing_lines": 0, "excluded_lines": 0}, "missing_lines": [], "excluded_lines": []}, "TestRunProbe.test_single_turn_success": {"executed_lines": [206, 209, 211, 212, 219, 221, 222, 223, 224, 225, 226], "summary": {"covered_lines": 11, "num_statements": 11, "percent_covered": 100.0, "percent_covered_display": "100", "missing_lines": 0, "excluded_lines": 0}, "missing_lines": [], "excluded_lines": []}, "TestRunProbe.test_multi_turn_success": {"executed_lines": [230, 232, 233, 238, 240, 241, 242, 243, 244, 245], "summary": {"covered_lines": 10, "num_statements": 10, "percent_covered": 100.0, "percent_covered_display": "100", "missing_lines": 0, "excluded_lines": 0}, "missing_lines": [], "excluded_lines": []}, "TestRunProbe.test_llm_error_handling": {"executed_lines": [249, 250, 252, 253, 258, 260, 261, 262], "summary": {"covered_lines": 8, "num_statements": 8, "percent_covered": 100.0, "percent_covered_display": "100", "missing_lines": 0, "excluded_lines": 0}, "missing_lines": [], "excluded_lines": []}, "TestRunProbe.test_timing_captured": {"executed_lines": [266, 268, 270, 271, 273, 275, 276, 277], "summary": {"covered_lines": 8, "num_statements": 8, "percent_covered": 100.0, "percent_covered_display": "100", "missing_lines": 0, "excluded_lines": 0}, "missing_lines": [], "excluded_lines": []}, "TestRunProbe.test_respects_max_turns": {"executed_lines": [281, 284, 288, 290, 291, 293, 295, 297], "summary": {"covered_lines": 8, "num_statements": 8, "percent_covered": 100.0, "percent_covered_display": "100", "missing_lines": 0, "excluded_lines": 0}, "missing_lines": [], "excluded_lines": []}, "TestMainFunction.test_empty_input": {"executed_lines": [305, 306, 308, 309, 311, 313, 314, 315, 316], "summary": {"covered_lines": 9, "num_statements": 9, "percent_covered": 100.0, "percent_covered_display": "100", "missing_lines": 0, "excluded_lines": 0}, "missing_lines": [], "excluded_lines": []}, "TestMainFunction.test_invalid_json_input": {"executed_lines": [320, 321, 323, 324, 326, 328, 329, 330, 331], "summary": {"covered_lines": 9, "num_statements": 9, "percent_covered": 100.0, "percent_covered_display": "100", "missing_lines": 0, "excluded_lines": 0}, "missing_lines": [], "excluded_lines": []}, "TestMainFunction.test_validation_error": {"executed_lines": [335, 336, 338, 340, 341, 343, 345, 346, 347, 348], "summary": {"covered_lines": 10, "num_statements": 10, "percent_covered": 100.0, "percent_covered_display": "100", "missing_lines": 0, "excluded_lines": 0}, "missing_lines": [], "excluded_lines": []}, "TestMainFunction.test_successful_execution": {"executed_lines": [352, 353, 355, 365, 366, 367, 373, 375, 377, 378, 379, 380], "summary": {"covered_lines": 12, "num_statements": 12, "percent_covered": 100.0, "percent_covered_display": "100", "missing_lines": 0, "excluded_lines": 0}, "missing_lines": [], "excluded_lines": []}, "TestErrorClassification.test_auth_error_not_retryable": {"executed_lines": [388, 389, 391, 399, 400, 405, 407, 408, 409], "summary": {"covered_lines": 9, "num_statements": 9, "percent_covered": 100.0, "percent_covered_display": "100", "missing_lines": 0, "excluded_lines": 0}, "missing_lines": [], "excluded_lines": []}, "TestErrorClassification.test_server_error_retryable": {"executed_lines": [413, 414, 416, 424, 425, 430, 432, 433, 434], "summary": {"covered_lines": 9, "num_statements": 9, "percent_covered": 100.0, "percent_covered_display": "100", "missing_lines": 0, "excluded_lines": 0}, "missing_lines": [], "excluded_lines": []}, "": {"executed_lines": [1, 3, 4, 5, 7, 9, 10, 13, 14, 16, 38, 53, 74, 95, 96, 98, 104, 113, 122, 123, 125, 147, 148, 150, 180, 181, 183, 184, 204, 228, 247, 264, 279, 300, 301, 303, 318, 333, 350, 383, 384, 386, 411], "summary": {"covered_lines": 35, "num_statements": 35, "percent_covered": 100.0, "percent_covered_display": "100", "missing_lines": 0, "excluded_lines": 0}, "missing_lines": [], "excluded_lines": []}}, "classes": {"TestValidateInput": {"executed_lines": [18, 20, 36, 40, 41, 43, 48, 49, 51, 55, 56, 58, 69, 70, 72, 76, 77, 79, 89, 90, 92], "summary": {"covered_lines": 21, "num_statements": 21, "percent_covered": 100.0, "percent_covered_display": "100", "missing_lines": 0, "excluded_lines": 0}, "missing_lines": [], "excluded_lines": []}, "TestEstimateTokens": {"executed_lines": [100, 102, 106, 109, 110, 111, 115, 118, 119], "summary": {"covered_lines": 9, "num_statements": 9, "percent_covered": 100.0, "percent_covered_display": "100", "missing_lines": 0, "excluded_lines": 0}, "missing_lines": [], "excluded_lines": []}, "TestTurn": {"executed_lines": [127, 129, 137, 139, 140, 141, 142, 143, 144], "summary": {"covered_lines": 9, "num_statements": 9, "percent_covered": 100.0, "percent_covered_display": "100", "missing_lines": 0, "excluded_lines": 0}, "missing_lines": [], "excluded_lines": []}, "TestTranscript": {"executed_lines": [152, 154, 156, 171, 173, 174, 175, 176, 177], "summary": {"covered_lines": 9, "num_statements": 9, "percent_covered": 100.0, "percent_covered_display": "100", "missing_lines": 0, "excluded_lines": 0}, "missing_lines": [], "excluded_lines": []}, "TestRunProbe": {"executed_lines": [186, 206, 209, 211, 212, 219, 221, 222, 223, 224, 225, 226, 230, 232, 233, 238, 240, 241, 242, 243, 244, 245, 249, 250, 252, 253, 258, 260, 261, 262, 266, 268, 270, 271, 273, 275, 276, 277, 281, 284, 288, 290, 291, 293, 295, 297], "summary": {"covered_lines": 46, "num_statements": 46, "percent_covered": 100.0, "percent_covered_display": "100", "missing_lines": 0, "excluded_lines": 0}, "missing_lines": [], "excluded_lines": []}, "TestMainFunction": {"executed_lines": [305, 306, 308, 309, 311, 313, 314, 315, 316, 320, 321, 323, 324, 326, 328, 329, 330, 331, 335, 336, 338, 340, 341, 343, 345, 346, 347, 348, 352, 353, 355, 365, 366, 367, 373, 375, 377, 378, 379, 380], "summary": {"covered_lines": 40, "num_statements": 40, "percent_covered": 100.0, "percent_covered_display": "100", "missing_lines": 0, "excluded_lines": 0}, "missing_lines": [], "excluded_lines": []}, "TestErrorClassification": {"executed_lines": [388, 389, 391, 399, 400, 405, 407, 408, 409, 413, 414, 416, 424, 425, 430, 432, 433, 434], "summary": {"covered_lines": 18, "num_statements": 18, "percent_covered": 100.0, "percent_covered_display": "100", "missing_lines": 0, "excluded_lines": 0}, "missing_lines": [], "excluded_lines": []}, "": {"executed_lines": [1, 3, 4, 5, 7, 9, 10, 13, 14, 16, 38, 53, 74, 95, 96, 98, 104, 113, 122, 123, 125, 147, 148, 150, 180, 181, 183, 184, 204, 228, 247, 264, 279, 300, 301, 303, 318, 333, 350, 383, 384, 386, 411], "summary": {"covered_lines": 35, "num_statements": 35, "percent_covered": 100.0, "percent_covered_display": "100", "missing_lines": 0, "excluded_lines": 0}, "missing_lines": [], "excluded_lines": []}}}}, "totals": {"covered_lines": 1115, "num_statements": 1298, "percent_covered": 85.90138674884437, "percent_covered_display": "86", "missing_lines": 183, "excluded_lines": 0}}